<?xml version="1.0" encoding="UTF-8"?>
<!-- Generated by org.testng.reporters.JUnitReportReporter -->
<testsuite hostname="QB-TP3-3076" failures="0" tests="1" name="test_script.login" time="2.579" errors="0" timestamp="2025-05-20T09:54:15 IST" skipped="0">
  <testcase classname="test_script.login" name="login_test" time="2.579"/>
</testsuite> <!-- test_script.login -->
