<?xml version="1.0" encoding="UTF-8"?>
<!-- Generated by org.testng.reporters.JUnitReportReporter -->
<testsuite hostname="QB-TP3-3076" failures="0" tests="1" name="test_script.Managenews_test" time="3.293" errors="0" timestamp="2025-06-17T10:55:09 IST" skipped="0">
  <testcase classname="test_script.Managenews_test" name="ismessagesavedintextbox" time="3.293"/>
</testsuite> <!-- test_script.Managenews_test -->
