<?xml version="1.0" encoding="UTF-8"?>
<!-- Generated by org.testng.reporters.JUnitReportReporter -->
<testsuite hostname="QB-TP3-3076" failures="0" tests="1" name="test_script.Manage_footer_test" time="2.699" errors="0" timestamp="2025-06-18T14:52:26 IST" skipped="0">
  <testcase classname="test_script.Manage_footer_test" name="isFooterTextCanBeEdited" time="2.699"/>
</testsuite> <!-- test_script.Manage_footer_test -->
