<?xml version="1.0" encoding="UTF-8"?>
<!-- Generated by org.testng.reporters.JUnitReportReporter -->
<testsuite hostname="QB-TP3-3076" failures="0" tests="4" name="test_script.Login_test" time="28.164" errors="0" timestamp="2025-06-10T12:43:51 IST" skipped="0">
  <testcase classname="test_script.Login_test" name="loginboth_testincorrect" time="22.942"/>
  <testcase classname="test_script.Login_test" name="loginusername_testincorrect" time="1.575"/>
  <testcase classname="test_script.Login_test" name="loginpassword_testincorrect" time="1.706"/>
  <testcase classname="test_script.Login_test" name="login_test" time="1.941"/>
</testsuite> <!-- test_script.Login_test -->
